[00:34:00] [Server thread/INFO]: Uk245 lost connection: Disconnected
[00:34:00] [Server thread/INFO]: Uk245 left the game
[00:34:07] [User Authenticator #17/INFO]: UUID of player Uk245 is 01c19274-a164-4219-a710-81fcfd75846a
[00:34:07] [Server thread/INFO]: Uk245[/192.168.1.146:50206] logged in with entity id 56106 at (728.6999999880791, 37.0, 3.353612808512238)
[00:34:07] [Server thread/INFO]: Uk245 joined the game
[00:44:28] [Server thread/INFO]: Uk245 has made the advancement [Enchanter]
[00:46:37] [Server thread/INFO]: 0k0k lost connection: Disconnected
[00:46:37] [Server thread/INFO]: 0k0k left the game
[00:46:40] [Server thread/INFO]: Uk245 lost connection: Disconnected
[00:46:40] [Server thread/INFO]: Uk245 left the game
[00:46:49] [Server thread/INFO]: Stopping server
[00:46:49] [Server thread/INFO]: Saving players
[00:46:49] [Server thread/INFO]: Saving worlds
[00:46:49] [Server thread/INFO]: Saving chunks for level 'ServerLevel[world]'/minecraft:overworld
[00:46:49] [Server thread/INFO]: Saving chunks for level 'ServerLevel[world]'/minecraft:the_nether
[00:46:49] [Server thread/INFO]: Saving chunks for level 'ServerLevel[world]'/minecraft:the_end
[00:46:49] [Server thread/INFO]: ThreadedAnvilChunkStorage (world): All chunks are saved
[00:46:49] [Server thread/INFO]: ThreadedAnvilChunkStorage (DIM-1): All chunks are saved
[00:46:49] [Server thread/INFO]: ThreadedAnvilChunkStorage (DIM1): All chunks are saved
[00:46:49] [Server thread/INFO]: ThreadedAnvilChunkStorage: All dimensions are saved
